2025-07-03 17:07:20 [main] INFO  keyword.Keywords - BrowserLaunched...
2025-07-03 17:07:25 [main] INFO  keyword.Keywords - Text entered: mobile phone
2025-07-03 17:07:28 [main] INFO  keyword.Keywords - Sent special key: ENTER
2025-07-03 17:07:28 [main] INFO  keyword.Keywords - true
2025-07-03 17:07:28 [main] INFO  keyword.Keywords - Mobile Phone- Buy Products Online at Best Price in India - All Categories | Flipkart.com
2025-07-03 17:07:28 [main] INFO  keyword.Keywords - ******************
2025-07-03 17:07:29 [main] INFO  keyword.Keywords - BEFOR FILTER :Samsung B310ED
3.866 Ratings & 4 Reviews
8 MB RAM | 16 MB ROM
6.1 cm (2.4 inch) Display
850 mAh Battery
NO WARRANTY
2025-07-03 17:07:29 [main] INFO  keyword.Keywords - Dropdown selected: ₹10000
2025-07-03 17:07:31 [main] INFO  keyword.Keywords - Dropdown selected: ₹20000
2025-07-03 17:07:35 [main] INFO  keyword.Keywords - Scrolled to element: By.xpath: //*[@id="container"]/div/div[3]/div/div[1]/div/div[1]/div/section[7]/div/div
2025-07-03 17:07:40 [main] INFO  keyword.Keywords - ****************************************************
2025-07-03 17:07:40 [main] INFO  keyword.Keywords - After FILTER : vivo Y93 (NebulPurple, 64 GB)
4.49,447 Ratings & 695 Reviews
3 GB RAM | 64 GB ROM | Expandable Upto 256 GB
15.8 cm (6.22 inch) HD+ Display
13MP + 2MP | 8MP Front Camera
4030 mAh Li-ion Battery
MediaTek Helio P22 Processor
Brand Warranty of 1 Year Available for Mobile and 6 Months for Accessories
2025-07-03 17:23:57 [main] INFO  keyword.Keywords - BrowserLaunched...
2025-07-03 17:24:02 [main] INFO  keyword.Keywords - Text entered: mobile phone
2025-07-03 17:24:06 [main] INFO  keyword.Keywords - Sent special key: ENTER
2025-07-03 17:24:06 [main] INFO  keyword.Keywords - true
2025-07-03 17:24:06 [main] INFO  keyword.Keywords - Mobile Phone- Buy Products Online at Best Price in India - All Categories | Flipkart.com
2025-07-03 17:24:06 [main] INFO  keyword.Keywords - ******************
2025-07-03 17:24:06 [main] INFO  keyword.Keywords - BEFOR FILTER :Samsung B310ED
3.866 Ratings & 4 Reviews
8 MB RAM | 16 MB ROM
6.1 cm (2.4 inch) Display
850 mAh Battery
NO WARRANTY
2025-07-03 17:24:07 [main] INFO  keyword.Keywords - Dropdown selected: ₹10000
2025-07-03 17:24:07 [main] INFO  keyword.Keywords - Dropdown selected: ₹20000
2025-07-03 17:24:52 [main] INFO  keyword.Keywords - BrowserLaunched...
2025-07-03 17:24:56 [main] INFO  keyword.Keywords - Text entered: mobile phone
2025-07-03 17:24:59 [main] INFO  keyword.Keywords - Sent special key: ENTER
2025-07-03 17:24:59 [main] INFO  keyword.Keywords - true
2025-07-03 17:24:59 [main] INFO  keyword.Keywords - Mobile Phone- Buy Products Online at Best Price in India - All Categories | Flipkart.com
2025-07-03 17:24:59 [main] INFO  keyword.Keywords - ******************
2025-07-03 17:25:00 [main] INFO  keyword.Keywords - BEFOR FILTER :Samsung B310ED
3.866 Ratings & 4 Reviews
8 MB RAM | 16 MB ROM
6.1 cm (2.4 inch) Display
850 mAh Battery
NO WARRANTY
2025-07-03 17:25:00 [main] INFO  keyword.Keywords - Dropdown selected: ₹10000
2025-07-03 17:25:00 [main] INFO  keyword.Keywords - Dropdown selected: ₹20000
2025-07-03 17:27:47 [main] INFO  keyword.Keywords - BrowserLaunched...
2025-07-03 17:27:52 [main] INFO  keyword.Keywords - Text entered: mobile phone
2025-07-03 17:27:56 [main] INFO  keyword.Keywords - Sent special key: ENTER
2025-07-03 17:27:56 [main] INFO  keyword.Keywords - true
2025-07-03 17:27:56 [main] INFO  keyword.Keywords - Mobile Phone- Buy Products Online at Best Price in India - All Categories | Flipkart.com
2025-07-03 17:27:56 [main] INFO  keyword.Keywords - ******************
2025-07-03 17:27:56 [main] INFO  keyword.Keywords - BEFOR FILTER :Samsung B310ED
3.866 Ratings & 4 Reviews
8 MB RAM | 16 MB ROM
6.1 cm (2.4 inch) Display
850 mAh Battery
NO WARRANTY
2025-07-03 17:27:57 [main] INFO  keyword.Keywords - Dropdown selected: ₹10000
2025-07-03 17:27:59 [main] INFO  keyword.Keywords - Dropdown selected: ₹20000
2025-07-03 17:28:03 [main] INFO  keyword.Keywords - Scrolled to element: By.xpath: //*[@id="container"]/div/div[3]/div/div[1]/div/div[1]/div/section[7]/div/div
2025-07-03 17:28:08 [main] INFO  keyword.Keywords - ****************************************************
2025-07-03 17:28:08 [main] INFO  keyword.Keywords - After FILTER : vivo Y93 (NebulPurple, 64 GB)
4.49,447 Ratings & 695 Reviews
3 GB RAM | 64 GB ROM | Expandable Upto 256 GB
15.8 cm (6.22 inch) HD+ Display
13MP + 2MP | 8MP Front Camera
4030 mAh Li-ion Battery
MediaTek Helio P22 Processor
Brand Warranty of 1 Year Available for Mobile and 6 Months for Accessories
2025-07-03 17:28:33 [main] INFO  keyword.Keywords - BrowserLaunched...
2025-07-03 17:28:37 [main] INFO  keyword.Keywords - Text entered: mobile phone
2025-07-03 17:28:41 [main] INFO  keyword.Keywords - Sent special key: ENTER
2025-07-03 17:28:41 [main] INFO  keyword.Keywords - true
2025-07-03 17:28:41 [main] INFO  keyword.Keywords - Mobile Phone- Buy Products Online at Best Price in India - All Categories | Flipkart.com
2025-07-03 17:28:41 [main] INFO  keyword.Keywords - ******************
2025-07-03 17:28:41 [main] INFO  keyword.Keywords - BEFOR FILTER :Samsung B310ED
3.866 Ratings & 4 Reviews
8 MB RAM | 16 MB ROM
6.1 cm (2.4 inch) Display
850 mAh Battery
NO WARRANTY
2025-07-03 17:28:41 [main] INFO  keyword.Keywords - Dropdown selected: ₹10000
2025-07-03 17:28:41 [main] INFO  keyword.Keywords - Dropdown selected: ₹20000
2025-07-03 17:28:45 [main] INFO  keyword.Keywords - Scrolled to element: By.xpath: //*[@id="container"]/div/div[3]/div/div[1]/div/div[1]/div/section[7]/div/div
2025-07-03 17:28:50 [main] INFO  keyword.Keywords - ****************************************************
2025-07-03 17:28:50 [main] INFO  keyword.Keywords - After FILTER : vivo Y16 (Steller Black, 64 GB)
4.23,301 Ratings & 163 Reviews
3 GB RAM | 64 GB ROM | Expandable Upto 1 TB
16.54 cm (6.51 inch) HD+ Display
13MP + 2MP | 5MP Front Camera
5000 mAh Lithium Battery
Mediatek Helio P35 Processor
1 Year of Device & 6 Months for In-Box Accessories
2025-07-03 17:29:26 [main] INFO  keyword.Keywords - BrowserLaunched...
2025-07-03 17:29:29 [main] INFO  keyword.Keywords - Text entered: mobile phone
2025-07-03 17:29:32 [main] INFO  keyword.Keywords - Sent special key: ENTER
2025-07-03 17:29:32 [main] INFO  keyword.Keywords - true
2025-07-03 17:29:32 [main] INFO  keyword.Keywords - Mobile Phone- Buy Products Online at Best Price in India - All Categories | Flipkart.com
2025-07-03 17:29:32 [main] INFO  keyword.Keywords - ******************
2025-07-03 17:29:33 [main] INFO  keyword.Keywords - BEFOR FILTER :Samsung B310ED
3.866 Ratings & 4 Reviews
8 MB RAM | 16 MB ROM
6.1 cm (2.4 inch) Display
850 mAh Battery
NO WARRANTY
2025-07-03 17:29:33 [main] INFO  keyword.Keywords - Dropdown selected: ₹10000
2025-07-03 17:29:33 [main] INFO  keyword.Keywords - Dropdown selected: ₹20000
2025-07-03 17:29:37 [main] INFO  keyword.Keywords - Scrolled to element: By.xpath: //*[@id="container"]/div/div[3]/div/div[1]/div/div[1]/div/section[7]/div/div
2025-07-03 17:29:42 [main] INFO  keyword.Keywords - ****************************************************
2025-07-03 17:29:42 [main] INFO  keyword.Keywords - After FILTER : vivo Y16 (Steller Black, 64 GB)
4.23,301 Ratings & 163 Reviews
3 GB RAM | 64 GB ROM | Expandable Upto 1 TB
16.54 cm (6.51 inch) HD+ Display
13MP + 2MP | 5MP Front Camera
5000 mAh Lithium Battery
Mediatek Helio P35 Processor
1 Year of Device & 6 Months for In-Box Accessories
2025-07-03 17:30:09 [main] INFO  keyword.Keywords - BrowserLaunched...
2025-07-03 17:30:13 [main] INFO  keyword.Keywords - Text entered: mobile phone
2025-07-03 17:30:16 [main] INFO  keyword.Keywords - Sent special key: ENTER
2025-07-03 17:30:16 [main] INFO  keyword.Keywords - true
2025-07-03 17:30:16 [main] INFO  keyword.Keywords - Mobile Phone- Buy Products Online at Best Price in India - All Categories | Flipkart.com
2025-07-03 17:30:16 [main] INFO  keyword.Keywords - ******************
2025-07-03 17:30:16 [main] INFO  keyword.Keywords - BEFOR FILTER :Samsung B310ED
3.866 Ratings & 4 Reviews
8 MB RAM | 16 MB ROM
6.1 cm (2.4 inch) Display
850 mAh Battery
NO WARRANTY
2025-07-03 17:30:16 [main] INFO  keyword.Keywords - Dropdown selected: ₹10000
2025-07-03 17:30:16 [main] INFO  keyword.Keywords - Dropdown selected: ₹20000
2025-07-03 17:30:41 [main] INFO  keyword.Keywords - BrowserLaunched...
2025-07-03 17:30:45 [main] INFO  keyword.Keywords - Text entered: mobile phone
2025-07-03 17:30:48 [main] INFO  keyword.Keywords - Sent special key: ENTER
2025-07-03 17:30:48 [main] INFO  keyword.Keywords - true
2025-07-03 17:30:48 [main] INFO  keyword.Keywords - Mobile Phone- Buy Products Online at Best Price in India - All Categories | Flipkart.com
2025-07-03 17:30:48 [main] INFO  keyword.Keywords - ******************
2025-07-03 17:30:48 [main] INFO  keyword.Keywords - BEFOR FILTER :Samsung B310ED
3.866 Ratings & 4 Reviews
8 MB RAM | 16 MB ROM
6.1 cm (2.4 inch) Display
850 mAh Battery
NO WARRANTY
2025-07-03 17:30:48 [main] INFO  keyword.Keywords - Dropdown selected: ₹10000
2025-07-03 17:30:48 [main] INFO  keyword.Keywords - Dropdown selected: ₹20000
2025-07-03 17:31:11 [main] INFO  keyword.Keywords - BrowserLaunched...
2025-07-03 17:31:14 [main] INFO  keyword.Keywords - Text entered: mobile phone
2025-07-03 17:31:17 [main] INFO  keyword.Keywords - Sent special key: ENTER
2025-07-03 17:31:17 [main] INFO  keyword.Keywords - true
2025-07-03 17:31:17 [main] INFO  keyword.Keywords - Mobile Phone- Buy Products Online at Best Price in India - All Categories | Flipkart.com
2025-07-03 17:31:17 [main] INFO  keyword.Keywords - ******************
2025-07-03 17:31:17 [main] INFO  keyword.Keywords - BEFOR FILTER :Samsung B310ED
3.866 Ratings & 4 Reviews
8 MB RAM | 16 MB ROM
6.1 cm (2.4 inch) Display
850 mAh Battery
NO WARRANTY
2025-07-03 17:31:17 [main] INFO  keyword.Keywords - Dropdown selected: ₹10000
2025-07-03 17:31:18 [main] INFO  keyword.Keywords - Dropdown selected: ₹20000
2025-07-03 17:31:45 [main] INFO  keyword.Keywords - BrowserLaunched...
2025-07-03 17:31:49 [main] INFO  keyword.Keywords - Text entered: mobile phone
2025-07-03 17:31:53 [main] INFO  keyword.Keywords - Sent special key: ENTER
2025-07-03 17:31:53 [main] INFO  keyword.Keywords - true
2025-07-03 17:31:53 [main] INFO  keyword.Keywords - Mobile Phone- Buy Products Online at Best Price in India - All Categories | Flipkart.com
2025-07-03 17:31:53 [main] INFO  keyword.Keywords - ******************
2025-07-03 17:31:53 [main] INFO  keyword.Keywords - BEFOR FILTER :Samsung B310ED
3.866 Ratings & 4 Reviews
8 MB RAM | 16 MB ROM
6.1 cm (2.4 inch) Display
850 mAh Battery
NO WARRANTY
2025-07-03 17:31:53 [main] INFO  keyword.Keywords - Dropdown selected: ₹10000
2025-07-03 17:31:54 [main] INFO  keyword.Keywords - Dropdown selected: ₹20000
2025-07-03 17:32:21 [main] INFO  keyword.Keywords - BrowserLaunched...
2025-07-03 17:32:26 [main] INFO  keyword.Keywords - Text entered: mobile phone
2025-07-03 17:32:30 [main] INFO  keyword.Keywords - Sent special key: ENTER
2025-07-03 17:32:30 [main] INFO  keyword.Keywords - true
2025-07-03 17:32:30 [main] INFO  keyword.Keywords - Mobile Phone- Buy Products Online at Best Price in India - All Categories | Flipkart.com
2025-07-03 17:32:30 [main] INFO  keyword.Keywords - ******************
2025-07-03 17:32:30 [main] INFO  keyword.Keywords - BEFOR FILTER :Samsung B310ED
3.866 Ratings & 4 Reviews
8 MB RAM | 16 MB ROM
6.1 cm (2.4 inch) Display
850 mAh Battery
NO WARRANTY
2025-07-03 17:32:30 [main] INFO  keyword.Keywords - Dropdown selected: ₹10000
2025-07-03 17:32:33 [main] INFO  keyword.Keywords - Dropdown selected: ₹20000
2025-07-03 17:32:37 [main] INFO  keyword.Keywords - Scrolled to element: By.xpath: //*[@id="container"]/div/div[3]/div/div[1]/div/div[1]/div/section[7]/div/div
2025-07-03 17:32:41 [main] INFO  keyword.Keywords - ****************************************************
2025-07-03 17:32:41 [main] INFO  keyword.Keywords - After FILTER : vivo Y93 (NebulPurple, 64 GB)
4.49,447 Ratings & 695 Reviews
3 GB RAM | 64 GB ROM | Expandable Upto 256 GB
15.8 cm (6.22 inch) HD+ Display
13MP + 2MP | 8MP Front Camera
4030 mAh Li-ion Battery
MediaTek Helio P22 Processor
Brand Warranty of 1 Year Available for Mobile and 6 Months for Accessories
2025-07-03 17:40:42 [main] INFO  keyword.Keywords - BrowserLaunched...
2025-07-03 17:40:47 [main] INFO  keyword.Keywords - Text entered: mobile phone
2025-07-03 17:40:52 [main] INFO  keyword.Keywords - Sent special key: ENTER
2025-07-03 17:40:52 [main] INFO  keyword.Keywords - true
2025-07-03 17:40:52 [main] INFO  keyword.Keywords - Mobile Phone- Buy Products Online at Best Price in India - All Categories | Flipkart.com
2025-07-03 17:40:52 [main] INFO  keyword.Keywords - ******************
2025-07-03 17:40:52 [main] INFO  keyword.Keywords - BEFOR FILTER :Samsung B310ED
3.866 Ratings & 4 Reviews
8 MB RAM | 16 MB ROM
6.1 cm (2.4 inch) Display
850 mAh Battery
NO WARRANTY
2025-07-03 17:40:53 [main] INFO  keyword.Keywords - Dropdown selected: ₹10000
2025-07-03 17:40:55 [main] INFO  keyword.Keywords - Dropdown selected: ₹20000
2025-07-03 17:40:59 [main] INFO  keyword.Keywords - Scrolled to element: By.xpath: //*[@id="container"]/div/div[3]/div/div[1]/div/div[1]/div/section[7]/div/div
2025-07-03 17:41:04 [main] INFO  keyword.Keywords - ****************************************************
2025-07-03 17:41:04 [main] INFO  keyword.Keywords - After FILTER : vivo Y93 (NebulPurple, 64 GB)
4.49,447 Ratings & 695 Reviews
3 GB RAM | 64 GB ROM | Expandable Upto 256 GB
15.8 cm (6.22 inch) HD+ Display
13MP + 2MP | 8MP Front Camera
4030 mAh Li-ion Battery
MediaTek Helio P22 Processor
Brand Warranty of 1 Year Available for Mobile and 6 Months for Accessories
2025-07-03 17:45:19 [main] INFO  keyword.Keywords - BrowserLaunched...
2025-07-03 17:45:25 [main] INFO  keyword.Keywords - Text entered: Mobile Phone
2025-07-03 17:45:30 [main] INFO  keyword.Keywords - Sent special key: ENTER
2025-07-03 17:45:30 [main] INFO  keyword.Keywords - true
2025-07-03 17:45:30 [main] INFO  keyword.Keywords - Mobile Phone- Buy Products Online at Best Price in India - All Categories | Flipkart.com
2025-07-03 17:45:30 [main] INFO  keyword.Keywords - ******************
2025-07-03 17:45:30 [main] INFO  keyword.Keywords - BEFOR FILTER :Samsung B310ED
3.866 Ratings & 4 Reviews
8 MB RAM | 16 MB ROM
6.1 cm (2.4 inch) Display
850 mAh Battery
NO WARRANTY
2025-07-03 17:45:30 [main] INFO  keyword.Keywords - Dropdown selected: ₹10000
2025-07-03 17:45:32 [main] INFO  keyword.Keywords - Dropdown selected: ₹20000
2025-07-03 17:45:37 [main] INFO  keyword.Keywords - Scrolled to element: By.xpath: //*[@id="container"]/div/div[3]/div/div[1]/div/div[1]/div/section[7]/div/div
2025-07-03 17:45:41 [main] INFO  keyword.Keywords - ****************************************************
2025-07-03 17:45:41 [main] INFO  keyword.Keywords - After FILTER : vivo Y93 (NebulPurple, 64 GB)
4.49,447 Ratings & 695 Reviews
3 GB RAM | 64 GB ROM | Expandable Upto 256 GB
15.8 cm (6.22 inch) HD+ Display
13MP + 2MP | 8MP Front Camera
4030 mAh Li-ion Battery
MediaTek Helio P22 Processor
Brand Warranty of 1 Year Available for Mobile and 6 Months for Accessories
2025-07-03 20:44:53 [main] INFO  keyword.Keywords - BrowserLaunched...
2025-07-03 20:44:56 [main] INFO  keyword.Keywords - Text entered: Mobile Phone
2025-07-03 20:44:59 [main] INFO  keyword.Keywords - Sent special key: ENTER
2025-07-03 20:44:59 [main] INFO  keyword.Keywords - true
2025-07-03 20:44:59 [main] INFO  keyword.Keywords - Mobile Phone- Buy Products Online at Best Price in India - All Categories | Flipkart.com
2025-07-03 20:44:59 [main] INFO  keyword.Keywords - ******************
2025-07-03 20:44:59 [main] INFO  keyword.Keywords - BEFOR FILTER :Samsung B310ED
3.866 Ratings & 4 Reviews
8 MB RAM | 16 MB ROM
6.1 cm (2.4 inch) Display
850 mAh Battery
NO WARRANTY
2025-07-03 20:44:59 [main] INFO  keyword.Keywords - Dropdown selected: ₹10000
2025-07-03 20:45:01 [main] INFO  keyword.Keywords - Dropdown selected: ₹20000
2025-07-03 20:45:06 [main] INFO  keyword.Keywords - Scrolled to element: By.xpath: //*[@id="container"]/div/div[3]/div/div[1]/div/div[1]/div/section[7]/div/div
2025-07-03 20:45:10 [main] INFO  keyword.Keywords - ****************************************************
2025-07-03 20:45:10 [main] INFO  keyword.Keywords - After FILTER : vivo Y93 (NebulPurple, 64 GB)
4.49,447 Ratings & 695 Reviews
3 GB RAM | 64 GB ROM | Expandable Upto 256 GB
15.8 cm (6.22 inch) HD+ Display
13MP + 2MP | 8MP Front Camera
4030 mAh Li-ion Battery
MediaTek Helio P22 Processor
Brand Warranty of 1 Year Available for Mobile and 6 Months for Accessories
2025-07-03 20:51:27 [main] INFO  keyword.Keywords - BrowserLaunched...
2025-07-03 20:51:31 [main] INFO  keyword.Keywords - Clearing and entering text: Mobile
2025-07-03 20:51:32 [main] INFO  keyword.Keywords - Text entered: Mobile
2025-07-03 20:51:34 [main] INFO  keyword.Keywords - Sent special key: ENTER
2025-07-03 20:51:34 [main] INFO  keyword.Keywords - *****************************
2025-07-03 20:51:46 [main] INFO  keyword.Keywords - 📸 Screenshot taken: D:\Myjavaworkspsce1\FlipcartEndtoEndAutomation/src/Screenshots/Mobile_2025_07_03_20-51-44.png
2025-07-03 20:51:48 [main] INFO  keyword.Keywords - Clearing and entering text: Tv
2025-07-03 20:51:48 [main] INFO  keyword.Keywords - Text entered: Tv
2025-07-03 20:51:50 [main] INFO  keyword.Keywords - Sent special key: ENTER
2025-07-03 20:51:50 [main] INFO  keyword.Keywords - *****************************
2025-07-03 20:52:02 [main] INFO  keyword.Keywords - 📸 Screenshot taken: D:\Myjavaworkspsce1\FlipcartEndtoEndAutomation/src/Screenshots/Tv_2025_07_03_20-52-01.png
2025-07-03 20:52:04 [main] INFO  keyword.Keywords - Clearing and entering text: Shirt
2025-07-03 20:52:04 [main] INFO  keyword.Keywords - Text entered: Shirt
2025-07-03 20:52:06 [main] INFO  keyword.Keywords - Sent special key: ENTER
2025-07-03 20:52:06 [main] INFO  keyword.Keywords - *****************************
2025-07-03 20:52:17 [main] INFO  keyword.Keywords - 📸 Screenshot taken: D:\Myjavaworkspsce1\FlipcartEndtoEndAutomation/src/Screenshots/Shirt_2025_07_03_20-52-16.png
2025-07-03 20:52:18 [main] INFO  keyword.Keywords - Clearing and entering text: Router
2025-07-03 20:52:19 [main] INFO  keyword.Keywords - Text entered: Router
2025-07-03 20:52:21 [main] INFO  keyword.Keywords - Sent special key: ENTER
2025-07-03 20:52:21 [main] INFO  keyword.Keywords - *****************************
2025-07-03 20:52:32 [main] INFO  keyword.Keywords - 📸 Screenshot taken: D:\Myjavaworkspsce1\FlipcartEndtoEndAutomation/src/Screenshots/Router_2025_07_03_20-52-31.png
2025-07-03 20:52:33 [main] INFO  keyword.Keywords - Clearing and entering text: Bags
2025-07-03 20:52:33 [main] INFO  keyword.Keywords - Text entered: Bags
2025-07-03 20:52:35 [main] INFO  keyword.Keywords - Sent special key: ENTER
2025-07-03 20:52:35 [main] INFO  keyword.Keywords - *****************************
2025-07-03 20:52:47 [main] INFO  keyword.Keywords - 📸 Screenshot taken: D:\Myjavaworkspsce1\FlipcartEndtoEndAutomation/src/Screenshots/Bags_2025_07_03_20-52-46.png
2025-07-03 20:58:58 [main] INFO  keyword.Keywords - BrowserLaunched...
2025-07-03 20:59:03 [main] INFO  keyword.Keywords - Clearing and entering text: Mobile
2025-07-03 20:59:03 [main] INFO  keyword.Keywords - Text entered: Mobile
2025-07-03 20:59:05 [main] INFO  keyword.Keywords - Sent special key: ENTER
2025-07-03 20:59:05 [main] INFO  keyword.Keywords - *****************************
2025-07-03 20:59:17 [main] INFO  keyword.Keywords - 📸 Screenshot taken: D:\Myjavaworkspsce1\FlipcartEndtoEndAutomation/src/Screenshots/Mobile_2025_07_03_20-59-16.png
2025-07-03 20:59:18 [main] INFO  keyword.Keywords - Clearing and entering text: Tv
2025-07-03 20:59:19 [main] INFO  keyword.Keywords - Text entered: Tv
2025-07-03 20:59:21 [main] INFO  keyword.Keywords - Sent special key: ENTER
2025-07-03 20:59:21 [main] INFO  keyword.Keywords - *****************************
2025-07-03 20:59:32 [main] INFO  keyword.Keywords - 📸 Screenshot taken: D:\Myjavaworkspsce1\FlipcartEndtoEndAutomation/src/Screenshots/Tv_2025_07_03_20-59-31.png
2025-07-03 20:59:34 [main] INFO  keyword.Keywords - Clearing and entering text: Shirt
2025-07-03 20:59:34 [main] INFO  keyword.Keywords - Text entered: Shirt
2025-07-03 20:59:37 [main] INFO  keyword.Keywords - Sent special key: ENTER
2025-07-03 20:59:37 [main] INFO  keyword.Keywords - *****************************
2025-07-03 20:59:48 [main] INFO  keyword.Keywords - 📸 Screenshot taken: D:\Myjavaworkspsce1\FlipcartEndtoEndAutomation/src/Screenshots/Shirt_2025_07_03_20-59-46.png
2025-07-03 20:59:49 [main] INFO  keyword.Keywords - Clearing and entering text: Router
2025-07-03 20:59:49 [main] INFO  keyword.Keywords - Text entered: Router
2025-07-03 20:59:52 [main] INFO  keyword.Keywords - Sent special key: ENTER
2025-07-03 20:59:52 [main] INFO  keyword.Keywords - *****************************
2025-07-03 21:00:03 [main] INFO  keyword.Keywords - 📸 Screenshot taken: D:\Myjavaworkspsce1\FlipcartEndtoEndAutomation/src/Screenshots/Router_2025_07_03_21-00-02.png
2025-07-03 21:00:05 [main] INFO  keyword.Keywords - Clearing and entering text: Bags
2025-07-03 21:00:05 [main] INFO  keyword.Keywords - Text entered: Bags
2025-07-03 21:00:08 [main] INFO  keyword.Keywords - Sent special key: ENTER
2025-07-03 21:00:08 [main] INFO  keyword.Keywords - *****************************
2025-07-03 21:00:20 [main] INFO  keyword.Keywords - 📸 Screenshot taken: D:\Myjavaworkspsce1\FlipcartEndtoEndAutomation/src/Screenshots/Bags_2025_07_03_21-00-19.png
2025-07-03 21:01:23 [main] INFO  keyword.Keywords - BrowserLaunched...
2025-07-03 21:01:27 [main] INFO  keyword.Keywords - Clearing and entering text: Mobile
2025-07-03 21:01:27 [main] INFO  keyword.Keywords - Text entered: Mobile
2025-07-03 21:01:29 [main] INFO  keyword.Keywords - Sent special key: ENTER
2025-07-03 21:01:29 [main] INFO  keyword.Keywords - *****************************
2025-07-03 21:01:41 [main] INFO  keyword.Keywords - 📸 Screenshot taken: D:\Myjavaworkspsce1\FlipcartEndtoEndAutomation/src/Screenshots/Mobile_2025_07_03_21-01-40.png
2025-07-03 21:01:42 [main] INFO  keyword.Keywords - Clearing and entering text: Tv
2025-07-03 21:01:43 [main] INFO  keyword.Keywords - Text entered: Tv
2025-07-03 21:01:46 [main] INFO  keyword.Keywords - Sent special key: ENTER
2025-07-03 21:01:46 [main] INFO  keyword.Keywords - *****************************
2025-07-03 21:01:58 [main] INFO  keyword.Keywords - 📸 Screenshot taken: D:\Myjavaworkspsce1\FlipcartEndtoEndAutomation/src/Screenshots/Tv_2025_07_03_21-01-57.png
2025-07-03 21:02:01 [main] INFO  keyword.Keywords - Clearing and entering text: Shirt
2025-07-03 21:02:01 [main] INFO  keyword.Keywords - Text entered: Shirt
2025-07-03 21:02:03 [main] INFO  keyword.Keywords - Sent special key: ENTER
2025-07-03 21:02:03 [main] INFO  keyword.Keywords - *****************************
2025-07-03 21:02:14 [main] INFO  keyword.Keywords - 📸 Screenshot taken: D:\Myjavaworkspsce1\FlipcartEndtoEndAutomation/src/Screenshots/Shirt_2025_07_03_21-02-13.png
2025-07-03 21:02:16 [main] INFO  keyword.Keywords - Clearing and entering text: Router
2025-07-03 21:02:16 [main] INFO  keyword.Keywords - Text entered: Router
2025-07-03 21:02:19 [main] INFO  keyword.Keywords - Sent special key: ENTER
2025-07-03 21:02:19 [main] INFO  keyword.Keywords - *****************************
2025-07-03 21:02:30 [main] INFO  keyword.Keywords - 📸 Screenshot taken: D:\Myjavaworkspsce1\FlipcartEndtoEndAutomation/src/Screenshots/Router_2025_07_03_21-02-29.png
2025-07-03 21:02:32 [main] INFO  keyword.Keywords - Clearing and entering text: Bags
2025-07-03 21:02:32 [main] INFO  keyword.Keywords - Text entered: Bags
2025-07-03 21:02:35 [main] INFO  keyword.Keywords - Sent special key: ENTER
2025-07-03 21:02:35 [main] INFO  keyword.Keywords - *****************************
2025-07-03 21:02:46 [main] INFO  keyword.Keywords - 📸 Screenshot taken: D:\Myjavaworkspsce1\FlipcartEndtoEndAutomation/src/Screenshots/Bags_2025_07_03_21-02-46.png
2025-07-03 21:04:28 [main] INFO  keyword.Keywords - BrowserLaunched...
2025-07-03 21:04:32 [main] INFO  keyword.Keywords - Befor clicking Fashion
2025-07-03 21:18:09 [main] INFO  keyword.Keywords - BrowserLaunched...
2025-07-03 21:18:13 [main] INFO  keyword.Keywords - Clearing and entering text: Mobile
2025-07-03 21:18:13 [main] INFO  keyword.Keywords - Text entered: Mobile
2025-07-03 21:18:15 [main] INFO  keyword.Keywords - Sent special key: ENTER
2025-07-03 21:18:15 [main] INFO  keyword.Keywords - *****************************
2025-07-03 21:18:26 [main] INFO  keyword.Keywords - 📸 Screenshot taken: D:\Myjavaworkspsce1\FlipcartEndtoEndAutomation/src/Screenshots/Mobile_2025_07_03_21-18-25.png
2025-07-03 21:18:28 [main] INFO  keyword.Keywords - Clearing and entering text: Tv
2025-07-03 21:18:28 [main] INFO  keyword.Keywords - Text entered: Tv
2025-07-03 21:18:30 [main] INFO  keyword.Keywords - Sent special key: ENTER
2025-07-03 21:18:30 [main] INFO  keyword.Keywords - *****************************
2025-07-03 21:18:42 [main] INFO  keyword.Keywords - 📸 Screenshot taken: D:\Myjavaworkspsce1\FlipcartEndtoEndAutomation/src/Screenshots/Tv_2025_07_03_21-18-41.png
2025-07-03 21:18:44 [main] INFO  keyword.Keywords - Clearing and entering text: Shirt
2025-07-03 21:18:44 [main] INFO  keyword.Keywords - Text entered: Shirt
2025-07-03 21:18:47 [main] INFO  keyword.Keywords - Sent special key: ENTER
2025-07-03 21:18:47 [main] INFO  keyword.Keywords - *****************************
2025-07-03 21:18:57 [main] INFO  keyword.Keywords - 📸 Screenshot taken: D:\Myjavaworkspsce1\FlipcartEndtoEndAutomation/src/Screenshots/Shirt_2025_07_03_21-18-56.png
2025-07-03 21:18:59 [main] INFO  keyword.Keywords - Clearing and entering text: Router
2025-07-03 21:18:59 [main] INFO  keyword.Keywords - Text entered: Router
2025-07-03 21:19:02 [main] INFO  keyword.Keywords - Sent special key: ENTER
2025-07-03 21:19:02 [main] INFO  keyword.Keywords - *****************************
2025-07-03 21:19:14 [main] INFO  keyword.Keywords - 📸 Screenshot taken: D:\Myjavaworkspsce1\FlipcartEndtoEndAutomation/src/Screenshots/Router_2025_07_03_21-19-13.png
2025-07-03 21:19:16 [main] INFO  keyword.Keywords - Clearing and entering text: Bags
2025-07-03 21:19:16 [main] INFO  keyword.Keywords - Text entered: Bags
2025-07-03 21:19:18 [main] INFO  keyword.Keywords - Sent special key: ENTER
2025-07-03 21:19:18 [main] INFO  keyword.Keywords - *****************************
2025-07-03 21:19:29 [main] INFO  keyword.Keywords - 📸 Screenshot taken: D:\Myjavaworkspsce1\FlipcartEndtoEndAutomation/src/Screenshots/Bags_2025_07_03_21-19-28.png
2025-07-03 21:33:50 [main] INFO  keyword.Keywords - BrowserLaunched...
2025-07-03 21:33:53 [main] INFO  keyword.Keywords - Befor clicking Fashion
2025-07-03 21:33:53 [main] INFO  keyword.Keywords - move to fashion page
2025-07-03 21:33:53 [main] INFO  keyword.Keywords - move to kids page
2025-07-03 21:33:55 [main] INFO  keyword.Keywords - move to girls section
2025-07-03 21:33:55 [main] INFO  keyword.Keywords - price changed to low to high
2025-07-03 21:33:55 [main] INFO  keyword.Keywords - After clicking Fashionlink
2025-07-03 21:38:58 [main] INFO  keyword.Keywords - BrowserLaunched...
2025-07-03 21:38:59 [main] INFO  keyword.Keywords - Befor clicking Fashion
2025-07-03 21:39:00 [main] INFO  keyword.Keywords - move to fashion page
2025-07-03 21:39:00 [main] INFO  keyword.Keywords - move to kids page
2025-07-03 21:39:02 [main] INFO  keyword.Keywords - move to girls section
2025-07-03 21:39:02 [main] INFO  keyword.Keywords - price changed to low to high
2025-07-03 21:39:02 [main] INFO  keyword.Keywords - After clicking Fashionlink
2025-07-03 21:39:37 [main] INFO  keyword.Keywords - BrowserLaunched...
2025-07-03 21:39:43 [main] INFO  keyword.Keywords - Clearing and entering text: Mobile
2025-07-03 21:39:44 [main] INFO  keyword.Keywords - Text entered: Mobile
2025-07-03 21:39:46 [main] INFO  keyword.Keywords - Sent special key: ENTER
2025-07-03 21:39:46 [main] INFO  keyword.Keywords - *****************************
2025-07-03 21:39:57 [main] INFO  keyword.Keywords - 📸 Screenshot taken: D:\Myjavaworkspsce1\FlipcartEndtoEndAutomation/src/Screenshots/Mobile_2025_07_03_21-39-56.png
2025-07-03 21:39:58 [main] INFO  keyword.Keywords - Clearing and entering text: Tv
2025-07-03 21:39:59 [main] INFO  keyword.Keywords - Text entered: Tv
2025-07-03 21:40:01 [main] INFO  keyword.Keywords - Sent special key: ENTER
2025-07-03 21:40:01 [main] INFO  keyword.Keywords - *****************************
2025-07-03 21:40:12 [main] INFO  keyword.Keywords - 📸 Screenshot taken: D:\Myjavaworkspsce1\FlipcartEndtoEndAutomation/src/Screenshots/Tv_2025_07_03_21-40-11.png
2025-07-03 21:40:13 [main] INFO  keyword.Keywords - Clearing and entering text: Shirt
2025-07-03 21:40:13 [main] INFO  keyword.Keywords - Text entered: Shirt
2025-07-03 21:40:15 [main] INFO  keyword.Keywords - Sent special key: ENTER
2025-07-03 21:40:15 [main] INFO  keyword.Keywords - *****************************
2025-07-03 21:40:24 [main] INFO  keyword.Keywords - 📸 Screenshot taken: D:\Myjavaworkspsce1\FlipcartEndtoEndAutomation/src/Screenshots/Shirt_2025_07_03_21-40-24.png
2025-07-03 21:40:26 [main] INFO  keyword.Keywords - Clearing and entering text: Router
2025-07-03 21:40:26 [main] INFO  keyword.Keywords - Text entered: Router
2025-07-03 21:40:28 [main] INFO  keyword.Keywords - Sent special key: ENTER
2025-07-03 21:40:28 [main] INFO  keyword.Keywords - *****************************
2025-07-03 21:40:39 [main] INFO  keyword.Keywords - 📸 Screenshot taken: D:\Myjavaworkspsce1\FlipcartEndtoEndAutomation/src/Screenshots/Router_2025_07_03_21-40-39.png
2025-07-03 21:40:41 [main] INFO  keyword.Keywords - Clearing and entering text: Bags
2025-07-03 21:40:41 [main] INFO  keyword.Keywords - Text entered: Bags
2025-07-03 21:40:43 [main] INFO  keyword.Keywords - Sent special key: ENTER
2025-07-03 21:40:43 [main] INFO  keyword.Keywords - *****************************
2025-07-03 21:40:52 [main] INFO  keyword.Keywords - 📸 Screenshot taken: D:\Myjavaworkspsce1\FlipcartEndtoEndAutomation/src/Screenshots/Bags_2025_07_03_21-40-52.png
2025-07-03 21:42:11 [main] INFO  keyword.Keywords - BrowserLaunched...
2025-07-03 21:42:15 [main] INFO  keyword.Keywords - Clearing and entering text: Mobile
2025-07-03 21:42:15 [main] INFO  keyword.Keywords - Text entered: Mobile
2025-07-03 21:42:17 [main] INFO  keyword.Keywords - Sent special key: ENTER
2025-07-03 21:42:17 [main] INFO  keyword.Keywords - *****************************
2025-07-03 21:42:28 [main] INFO  keyword.Keywords - 📸 Screenshot taken: D:\Myjavaworkspsce1\FlipcartEndtoEndAutomation/src/Screenshots/Mobile_2025_07_03_21-42-27.png
2025-07-03 21:42:29 [main] INFO  keyword.Keywords - Clearing and entering text: Tv
2025-07-03 21:42:29 [main] INFO  keyword.Keywords - Text entered: Tv
2025-07-03 21:42:31 [main] INFO  keyword.Keywords - Sent special key: ENTER
2025-07-03 21:42:31 [main] INFO  keyword.Keywords - *****************************
2025-07-03 21:42:42 [main] INFO  keyword.Keywords - 📸 Screenshot taken: D:\Myjavaworkspsce1\FlipcartEndtoEndAutomation/src/Screenshots/Tv_2025_07_03_21-42-41.png
2025-07-03 21:42:43 [main] INFO  keyword.Keywords - Clearing and entering text: Shirt
2025-07-03 21:42:44 [main] INFO  keyword.Keywords - Text entered: Shirt
2025-07-04 10:49:52 [main] INFO  keyword.Keywords - BrowserLaunched...
2025-07-04 10:49:55 [main] INFO  keyword.Keywords - Clearing and entering text: Mobile
2025-07-04 10:49:55 [main] INFO  keyword.Keywords - Text entered: Mobile
2025-07-04 10:49:57 [main] INFO  keyword.Keywords - Sent special key: ENTER
2025-07-04 10:49:57 [main] INFO  keyword.Keywords - *****************************
2025-07-04 10:50:10 [main] INFO  keyword.Keywords - 📸 Screenshot taken: D:\Myjavaworkspsce1\FlipcartEndtoEndAutomation/src/Screenshots/Mobile_2025_07_04_10-50-09.png
2025-07-04 10:50:11 [main] INFO  keyword.Keywords - Clearing and entering text: Tv
2025-07-04 10:50:11 [main] INFO  keyword.Keywords - Text entered: Tv
2025-07-04 10:50:14 [main] INFO  keyword.Keywords - Sent special key: ENTER
2025-07-04 10:50:14 [main] INFO  keyword.Keywords - *****************************
2025-07-04 10:50:26 [main] INFO  keyword.Keywords - 📸 Screenshot taken: D:\Myjavaworkspsce1\FlipcartEndtoEndAutomation/src/Screenshots/Tv_2025_07_04_10-50-25.png
2025-07-04 10:50:27 [main] INFO  keyword.Keywords - Clearing and entering text: Shirt
2025-07-04 10:50:27 [main] INFO  keyword.Keywords - Text entered: Shirt
2025-07-04 10:50:29 [main] INFO  keyword.Keywords - Sent special key: ENTER
2025-07-04 10:50:29 [main] INFO  keyword.Keywords - *****************************
2025-07-04 10:50:40 [main] INFO  keyword.Keywords - 📸 Screenshot taken: D:\Myjavaworkspsce1\FlipcartEndtoEndAutomation/src/Screenshots/Shirt_2025_07_04_10-50-39.png
2025-07-04 10:50:41 [main] INFO  keyword.Keywords - Clearing and entering text: Router
2025-07-04 10:50:41 [main] INFO  keyword.Keywords - Text entered: Router
2025-07-04 10:50:43 [main] INFO  keyword.Keywords - Sent special key: ENTER
2025-07-04 10:50:43 [main] INFO  keyword.Keywords - *****************************
2025-07-04 10:50:54 [main] INFO  keyword.Keywords - 📸 Screenshot taken: D:\Myjavaworkspsce1\FlipcartEndtoEndAutomation/src/Screenshots/Router_2025_07_04_10-50-53.png
2025-07-04 10:50:55 [main] INFO  keyword.Keywords - Clearing and entering text: Bags
2025-07-04 10:50:55 [main] INFO  keyword.Keywords - Text entered: Bags
2025-07-04 10:50:57 [main] INFO  keyword.Keywords - Sent special key: ENTER
2025-07-04 10:50:57 [main] INFO  keyword.Keywords - *****************************
2025-07-04 10:51:07 [main] INFO  keyword.Keywords - 📸 Screenshot taken: D:\Myjavaworkspsce1\FlipcartEndtoEndAutomation/src/Screenshots/Bags_2025_07_04_10-51-06.png
2025-07-04 18:02:56 [main] INFO  keyword.Keywords - BrowserLaunched...
2025-07-04 18:03:00 [main] INFO  keyword.Keywords - Text entered: xyzinvalidproduct
2025-07-04 18:06:42 [main] INFO  keyword.Keywords - BrowserLaunched...
2025-07-04 18:06:48 [main] INFO  keyword.Keywords - Text entered: xyzxxxxxxxx
2025-07-04 18:07:30 [main] INFO  keyword.Keywords - BrowserLaunched...
2025-07-04 18:07:39 [main] INFO  keyword.Keywords - Text entered: xyzxxxxxxxx
2025-07-04 18:09:33 [main] INFO  keyword.Keywords - BrowserLaunched...
2025-07-04 18:09:36 [main] INFO  keyword.Keywords - Text entered: xyzxxxxxxxx
2025-07-04 18:09:36 [main] INFO  keyword.Keywords - Sent special key: ENTER
2025-07-04 18:15:37 [main] INFO  keyword.Keywords - BrowserLaunched...
2025-07-04 18:15:43 [main] INFO  keyword.Keywords - Text entered: xyzxxxxxxxx
2025-07-04 18:15:52 [main] INFO  keyword.Keywords - Sent special key: ENTER
2025-07-04 18:15:54 [main] INFO  keyword.Keywords - 📸 Screenshot taken: D:\Myjavaworkspsce1\FlipcartEndtoEndAutomation/src/Screenshots/Invalidsearch_2025_07_04_18-15-54.png
